<?xml version="1.0" encoding="UTF-8"?>
<!-- Generated by org.testng.reporters.JUnitReportReporter -->
<testsuite hostname="ANANDASBEASTLAPTOP" name="parallel_Testing.use_Classes1_parallel" tests="2" failures="0" timestamp="9 Jul 2024 09:26:29 GMT" time="0.555" errors="2">
  <testcase name="class_method1" time="0.555" classname="parallel_Testing.use_Classes1_parallel">
    <error type="java.lang.ExceptionInInitializerError">
      <![CDATA[java.lang.ExceptionInInitializerError
	at javax.crypto.Cipher.getInstance(Cipher.java:518)
	at sun.security.ssl.JsseJce.getCipher(Unknown Source)
	at sun.security.ssl.SSLCipher.isTransformationAvailable(Unknown Source)
	at sun.security.ssl.SSLCipher.<init>(Unknown Source)
	at sun.security.ssl.SSLCipher.<clinit>(Unknown Source)
	at sun.security.ssl.CipherSuite.<clinit>(Unknown Source)
	at sun.security.ssl.SSLContextImpl.getApplicableSupportedCipherSuites(Unknown Source)
	at sun.security.ssl.SSLContextImpl.access$100(Unknown Source)
	at sun.security.ssl.SSLContextImpl$AbstractTLSContext.<clinit>(Unknown Source)
	at java.lang.Class.forName0(Native Method)
	at java.lang.Class.forName(Unknown Source)
	at java.security.Provider$Service.getImplClass(Unknown Source)
	at java.security.Provider$Service.newInstance(Unknown Source)
	at sun.security.jca.GetInstance.getInstance(Unknown Source)
	at sun.security.jca.GetInstance.getInstance(Unknown Source)
	at javax.net.ssl.SSLContext.getInstance(Unknown Source)
	at io.netty.handler.ssl.JdkSslContext$Defaults.init(JdkSslContext.java:99)
	at io.netty.handler.ssl.JdkSslContext.<clinit>(JdkSslContext.java:73)
	at io.netty.handler.ssl.SslContext.newClientContextInternal(SslContext.java:825)
	at io.netty.handler.ssl.SslContextBuilder.build(SslContextBuilder.java:615)
	at org.asynchttpclient.netty.ssl.DefaultSslEngineFactory.buildSslContext(DefaultSslEngineFactory.java:59)
	at org.asynchttpclient.netty.ssl.DefaultSslEngineFactory.init(DefaultSslEngineFactory.java:74)
	at org.asynchttpclient.netty.channel.ChannelManager.<init>(ChannelManager.java:104)
	at org.asynchttpclient.DefaultAsyncHttpClient.<init>(DefaultAsyncHttpClient.java:92)
	at org.asynchttpclient.Dsl.asyncHttpClient(Dsl.java:32)
	at org.openqa.selenium.remote.http.netty.NettyClient.createHttpClient(NettyClient.java:91)
	at org.openqa.selenium.remote.http.netty.NettyClient.<clinit>(NettyClient.java:43)
	at org.openqa.selenium.remote.http.netty.NettyClient$Factory.createClient(NettyClient.java:124)
	at org.openqa.selenium.remote.HttpCommandExecutor.<init>(HttpCommandExecutor.java:115)
	at org.openqa.selenium.remote.HttpCommandExecutor.<init>(HttpCommandExecutor.java:92)
	at org.openqa.selenium.remote.service.DriverCommandExecutor.<init>(DriverCommandExecutor.java:89)
	at org.openqa.selenium.chromium.ChromiumDriverCommandExecutor.<init>(ChromiumDriverCommandExecutor.java:43)
	at org.openqa.selenium.chrome.ChromeDriver$ChromeDriverCommandExecutor.<init>(ChromeDriver.java:115)
	at org.openqa.selenium.chrome.ChromeDriver.generateExecutor(ChromeDriver.java:105)
	at org.openqa.selenium.chrome.ChromeDriver.<init>(ChromeDriver.java:88)
	at org.openqa.selenium.chrome.ChromeDriver.<init>(ChromeDriver.java:83)
	at org.openqa.selenium.chrome.ChromeDriver.<init>(ChromeDriver.java:51)
	at parallel_Testing.use_Classes1_parallel.class_method1(use_Classes1_parallel.java:19)
	at sun.reflect.NativeMethodAccessorImpl.invoke0(Native Method)
	at sun.reflect.NativeMethodAccessorImpl.invoke(Unknown Source)
	at sun.reflect.DelegatingMethodAccessorImpl.invoke(Unknown Source)
	at java.lang.reflect.Method.invoke(Unknown Source)
	at org.testng.internal.MethodInvocationHelper.invokeMethod(MethodInvocationHelper.java:85)
	at org.testng.internal.Invoker.invokeMethod(Invoker.java:663)
	at org.testng.internal.Invoker.invokeTestMethod(Invoker.java:849)
	at org.testng.internal.Invoker.invokeTestMethods(Invoker.java:1157)
	at org.testng.internal.TestMethodWorker.invokeTestMethods(TestMethodWorker.java:124)
	at org.testng.internal.TestMethodWorker.run(TestMethodWorker.java:108)
	at org.testng.TestRunner.privateRun(TestRunner.java:771)
	at org.testng.TestRunner.run(TestRunner.java:621)
	at org.testng.SuiteRunner.runTest(SuiteRunner.java:357)
	at org.testng.SuiteRunner.access$000(SuiteRunner.java:38)
	at org.testng.SuiteRunner$SuiteWorker.run(SuiteRunner.java:391)
	at org.testng.internal.thread.ThreadUtil$2.call(ThreadUtil.java:64)
	at java.util.concurrent.FutureTask.run(Unknown Source)
	at java.util.concurrent.ThreadPoolExecutor.runWorker(Unknown Source)
	at java.util.concurrent.ThreadPoolExecutor$Worker.run(Unknown Source)
	at java.lang.Thread.run(Unknown Source)
Caused by: java.lang.SecurityException: Can not initialize cryptographic mechanism
	at javax.crypto.JceSecurity.<clinit>(JceSecurity.java:93)
	... 58 more
Caused by: java.lang.SecurityException: The jurisdiction policy files are not signed by the expected signer! (Policy files are specific per major JDK release.Ensure the correct version is installed.)
	at javax.crypto.JarVerifier.verifyPolicySigned(JarVerifier.java:336)
	at javax.crypto.JceSecurity.loadPolicies(JceSecurity.java:378)
	at javax.crypto.JceSecurity.setupJurisdictionPolicies(JceSecurity.java:323)
	at javax.crypto.JceSecurity.access$000(JceSecurity.java:50)
	at javax.crypto.JceSecurity$1.run(JceSecurity.java:85)
	at java.security.AccessController.doPrivileged(Native Method)
	at javax.crypto.JceSecurity.<clinit>(JceSecurity.java:82)
	... 58 more
]]>
    </error>
  </testcase> <!-- class_method1 -->
  <testcase name="class_method2" time="0.000" classname="parallel_Testing.use_Classes1_parallel">
    <error type="java.lang.NoClassDefFoundError" message="Could not initialize class org.openqa.selenium.remote.http.netty.NettyClient">
      <![CDATA[java.lang.NoClassDefFoundError: Could not initialize class org.openqa.selenium.remote.http.netty.NettyClient
	at org.openqa.selenium.remote.http.netty.NettyClient$Factory.createClient(NettyClient.java:124)
	at org.openqa.selenium.remote.HttpCommandExecutor.<init>(HttpCommandExecutor.java:115)
	at org.openqa.selenium.remote.HttpCommandExecutor.<init>(HttpCommandExecutor.java:92)
	at org.openqa.selenium.remote.service.DriverCommandExecutor.<init>(DriverCommandExecutor.java:89)
	at org.openqa.selenium.chromium.ChromiumDriverCommandExecutor.<init>(ChromiumDriverCommandExecutor.java:43)
	at org.openqa.selenium.chrome.ChromeDriver$ChromeDriverCommandExecutor.<init>(ChromeDriver.java:115)
	at org.openqa.selenium.chrome.ChromeDriver.generateExecutor(ChromeDriver.java:105)
	at org.openqa.selenium.chrome.ChromeDriver.<init>(ChromeDriver.java:88)
	at org.openqa.selenium.chrome.ChromeDriver.<init>(ChromeDriver.java:83)
	at org.openqa.selenium.chrome.ChromeDriver.<init>(ChromeDriver.java:51)
	at parallel_Testing.use_Classes1_parallel.class_method2(use_Classes1_parallel.java:33)
	at sun.reflect.NativeMethodAccessorImpl.invoke0(Native Method)
	at sun.reflect.NativeMethodAccessorImpl.invoke(Unknown Source)
	at sun.reflect.DelegatingMethodAccessorImpl.invoke(Unknown Source)
	at java.lang.reflect.Method.invoke(Unknown Source)
	at org.testng.internal.MethodInvocationHelper.invokeMethod(MethodInvocationHelper.java:85)
	at org.testng.internal.Invoker.invokeMethod(Invoker.java:663)
	at org.testng.internal.Invoker.invokeTestMethod(Invoker.java:849)
	at org.testng.internal.Invoker.invokeTestMethods(Invoker.java:1157)
	at org.testng.internal.TestMethodWorker.invokeTestMethods(TestMethodWorker.java:124)
	at org.testng.internal.TestMethodWorker.run(TestMethodWorker.java:108)
	at org.testng.TestRunner.privateRun(TestRunner.java:771)
	at org.testng.TestRunner.run(TestRunner.java:621)
	at org.testng.SuiteRunner.runTest(SuiteRunner.java:357)
	at org.testng.SuiteRunner.access$000(SuiteRunner.java:38)
	at org.testng.SuiteRunner$SuiteWorker.run(SuiteRunner.java:391)
	at org.testng.internal.thread.ThreadUtil$2.call(ThreadUtil.java:64)
	at java.util.concurrent.FutureTask.run(Unknown Source)
	at java.util.concurrent.ThreadPoolExecutor.runWorker(Unknown Source)
	at java.util.concurrent.ThreadPoolExecutor$Worker.run(Unknown Source)
	at java.lang.Thread.run(Unknown Source)
]]>
    </error>
  </testcase> <!-- class_method2 -->
</testsuite> <!-- parallel_Testing.use_Classes1_parallel -->
